<?xml version="1.0" encoding="UTF-8"?>
<!-- Generated by org.testng.reporters.JUnitXMLReporter -->
<testsuite ignored="0" hostname="LAPTOP-EA9TV5CO" failures="0" tests="3" name="Default test" time="1.892" errors="0" timestamp="2024-01-31T21:47:32 IST">
  <testcase classname="extentReportExample.ExtentReportExample" name="openBing" time="0.35"/>
  <testcase classname="extentReportExample.ExtentReportExample" name="openGoogle" time="1.039"/>
  <testcase classname="extentReportExample.ExtentReportExample" name="openWikipedia" time="0.466"/>
</testsuite> <!-- Default test -->
