<?xml version="1.0" encoding="UTF-8"?>
<testng-results ignored="0" total="3" passed="3" failed="0" skipped="0">
  <reporter-output>
  </reporter-output>
  <suite started-at="2024-01-31T21:47:30 IST" name="Default suite" finished-at="2024-01-31T21:47:32 IST" duration-ms="1892">
    <groups>
    </groups>
    <test started-at="2024-01-31T21:47:30 IST" name="Default test" finished-at="2024-01-31T21:47:32 IST" duration-ms="1892">
      <class name="extentReportExample.ExtentReportExample">
        <test-method is-config="true" signature="launchBrowser()[pri:0, instance:extentReportExample.ExtentReportExample@35dab4eb]" started-at="2024-01-31T21:47:29 IST" name="launchBrowser" finished-at="2024-01-31T21:47:30 IST" duration-ms="1532" status="PASS">
          <reporter-output>
          </reporter-output>
        </test-method> <!-- launchBrowser -->
        <test-method signature="openBing()[pri:0, instance:extentReportExample.ExtentReportExample@35dab4eb]" started-at="2024-01-31T21:47:30 IST" name="openBing" finished-at="2024-01-31T21:47:31 IST" duration-ms="350" status="PASS">
          <reporter-output>
          </reporter-output>
        </test-method> <!-- openBing -->
        <test-method signature="openGoogle()[pri:0, instance:extentReportExample.ExtentReportExample@35dab4eb]" started-at="2024-01-31T21:47:31 IST" name="openGoogle" finished-at="2024-01-31T21:47:32 IST" duration-ms="1039" status="PASS">
          <reporter-output>
          </reporter-output>
        </test-method> <!-- openGoogle -->
        <test-method signature="openWikipedia()[pri:0, instance:extentReportExample.ExtentReportExample@35dab4eb]" started-at="2024-01-31T21:47:32 IST" name="openWikipedia" finished-at="2024-01-31T21:47:32 IST" duration-ms="466" status="PASS">
          <reporter-output>
          </reporter-output>
        </test-method> <!-- openWikipedia -->
        <test-method is-config="true" signature="CloseBrowser()[pri:0, instance:extentReportExample.ExtentReportExample@35dab4eb]" started-at="2024-01-31T21:47:32 IST" name="CloseBrowser" finished-at="2024-01-31T21:47:32 IST" duration-ms="122" status="PASS">
          <reporter-output>
          </reporter-output>
        </test-method> <!-- CloseBrowser -->
      </class> <!-- extentReportExample.ExtentReportExample -->
    </test> <!-- Default test -->
  </suite> <!-- Default suite -->
</testng-results>
